\BOOKMARK [1][-]{section.1}{ATLAS\1372013\137CONF\1372013\137024}{}% 1
\BOOKMARK [2][-]{subsection.1.1}{L L* t 10 \04010 \(ATLAS\137CONF\1372013\137024\)}{section.1}% 2
\BOOKMARK [2][-]{subsection.1.2}{R R* t 10 \04010 \(ATLAS\137CONF\1372013\137024\)}{section.1}% 3
\BOOKMARK [1][-]{section.2}{ATLAS\1372013\137CONF\1372013\137035}{}% 4
\BOOKMARK [2][-]{subsection.2.1}{SR noZa: \(ATLAS\137CONF\1372013\137035\)}{section.2}% 5
\BOOKMARK [2][-]{subsection.2.2}{SR noZb: \(ATLAS\137CONF\1372013\137035\)}{section.2}% 6
\BOOKMARK [2][-]{subsection.2.3}{SR noZc: \(ATLAS\137CONF\1372013\137035\)}{section.2}% 7
\BOOKMARK [2][-]{subsection.2.4}{SR Za: \(ATLAS\137CONF\1372013\137035\)}{section.2}% 8
\BOOKMARK [2][-]{subsection.2.5}{SR Zb: \(ATLAS\137CONF\1372013\137035\)}{section.2}% 9
\BOOKMARK [2][-]{subsection.2.6}{SR Zc: \(ATLAS\137CONF\1372013\137035\)}{section.2}% 10
\BOOKMARK [1][-]{section.3}{ATLAS\1372013\137CONF\1372013\137037}{}% 11
\BOOKMARK [2][-]{subsection.3.1}{1\(500\) t 10\(200\) \(ATLAS\137CONF\1372013\137037\)}{section.3}% 12
\BOOKMARK [2][-]{subsection.3.2}{1\(650\) t 10\(1\) \(ATLAS\137CONF\1372013\137037\)}{section.3}% 13
\BOOKMARK [1][-]{section.4}{ATLAS\1372013\137CONF\1372013\137047}{}% 14
\BOOKMARK [2][-]{subsection.4.1}{ \040direct \(450, 400\): \(ATLAS\137CONF\1372013\137047\)}{section.4}% 15
\BOOKMARK [2][-]{subsection.4.2}{ \040direct \(850, 100\): \(ATLAS\137CONF\1372013\137047\)}{section.4}% 16
\BOOKMARK [2][-]{subsection.4.3}{ \040direct \(662, 287\): \(ATLAS\137CONF\1372013\137047\)}{section.4}% 17
\BOOKMARK [2][-]{subsection.4.4}{ \040direct \(1425, 400\): \(ATLAS\137CONF\1372013\137047\)}{section.4}% 18
\BOOKMARK [2][-]{subsection.4.5}{ \040direct \(1612, 37\): \(ATLAS\137CONF\1372013\137047\)}{section.4}% 19
\BOOKMARK [2][-]{subsection.4.6}{ \040direct \(1162, 337\): \(ATLAS\137CONF\1372013\137047\)}{section.4}% 20
\BOOKMARK [2][-]{subsection.4.7}{ \040one step \(1065, 785, 505\): \(ATLAS\137CONF\1372013\137047\)}{section.4}% 21
\BOOKMARK [2][-]{subsection.4.8}{ \040one step \(1265, 865, 465\): \(ATLAS\137CONF\1372013\137047\)}{section.4}% 22
\BOOKMARK [1][-]{section.5}{ATLAS\1372013\137CONF\1372013\137048}{}% 23
\BOOKMARK [2][-]{subsection.5.1}{1\(400\) b 1+\(250\) W+ 10\(1\) \(ATLAS\137CONF\1372013\137048\)}{section.5}% 24
\BOOKMARK [1][-]{section.6}{ATLAS\1372013\137CONF\1372013\137049}{}% 25
\BOOKMARK [2][-]{subsection.6.1}{\(191\) e10\(90\) \(ATLAS\137CONF\1372013\137049\)}{section.6}% 26
\BOOKMARK [2][-]{subsection.6.2}{\(191\) 10\(90\) \(ATLAS\137CONF\1372013\137049\)}{section.6}% 27
\BOOKMARK [2][-]{subsection.6.3}{\(250\) e10\(10\) \(ATLAS\137CONF\1372013\137049\)}{section.6}% 28
\BOOKMARK [2][-]{subsection.6.4}{\(250\) 10\(10\) \(ATLAS\137CONF\1372013\137049\)}{section.6}% 29
\BOOKMARK [2][-]{subsection.6.5}{1\(350\) \(\(175\) \040or \040\(175\)\) 10\(0\) \(ATLAS\137CONF\1372013\137049\)}{section.6}% 30
\BOOKMARK [2][-]{subsection.6.6}{1\(425\) \(\(250\) \040or \040\(75\)\) 10\(0\) \(ATLAS\137CONF\1372013\137049\)}{section.6}% 31
\BOOKMARK [2][-]{subsection.6.7}{1\(100\) W10\(0\) \(ATLAS\137CONF\1372013\137049\)}{section.6}% 32
\BOOKMARK [2][-]{subsection.6.8}{1\(140\) W10\(20\) \(ATLAS\137CONF\1372013\137049\)}{section.6}% 33
\BOOKMARK [2][-]{subsection.6.9}{1\(200\) W10\(0\) \(ATLAS\137CONF\1372013\137049\)}{section.6}% 34
\BOOKMARK [1][-]{section.7}{ATLAS\1372013\137CONF\1372013\137061}{}% 35
\BOOKMARK [2][-]{subsection.7.1}{0-lepton 4-jet channel, Gbb model \(ATLAS\137CONF\1372013\137061\)}{section.7}% 36
\BOOKMARK [2][-]{subsection.7.2}{0-lepton 7-jet channel, Gtt model \(ATLAS\137CONF\1372013\137061\)}{section.7}% 37
\BOOKMARK [2][-]{subsection.7.3}{1-lepton 6-jet channel, Gtt model \(ATLAS\137CONF\1372013\137061\)}{section.7}% 38
\BOOKMARK [1][-]{section.8}{ATLAS\1372013\137CONF\1372013\137093}{}% 39
\BOOKMARK [2][-]{subsection.8.1}{\(m20, m10\) = \(130, 0\) \(ATLAS\137CONF\1372013\137091\)}{section.8}% 40
\BOOKMARK [2][-]{subsection.8.2}{\(m20, m10\) = \(225, 0\) \(ATLAS\137CONF\1372013\137091\)}{section.8}% 41
\BOOKMARK [1][-]{section.9}{ATLAS\1372014\137I1286444}{}% 42
\BOOKMARK [2][-]{subsection.9.1}{SR H160: 1\(300\) b 1+\(150\) W+ 10\(50\) \(ATLAS\1372014\137I1286444 \(1403.4853\)\)}{section.9}% 43
\BOOKMARK [2][-]{subsection.9.2}{SR H160: 1\(250\) b 1+\(106\) W+ 10\(60\) \(ATLAS\1372014\137I1286444 \(1403.4853\)\)}{section.9}% 44
\BOOKMARK [2][-]{subsection.9.3}{SR L: 1\(300\) b 1+\(150\) W+ 10\(1\) \(ATLAS\1372014\137I1286444 \(1403.4853\)\)}{section.9}% 45
\BOOKMARK [2][-]{subsection.9.4}{SR L: 1\(400\) b 1+\(390\) W+ 10\(195\) \(ATLAS\1372014\137I1286444 \(1403.4853\)\)}{section.9}% 46
\BOOKMARK [1][-]{section.10}{ATLAS\1372014\137I1286761}{}% 47
\BOOKMARK [2][-]{subsection.10.1}{\(191\) e10\(90\) \(ATLAS\1372014\137I1286761 \(1403.5294\)\)}{section.10}% 48
\BOOKMARK [2][-]{subsection.10.2}{\(191\) 10\(90\) \(ATLAS\1372014\137I1286761 \(1403.5294\)\)}{section.10}% 49
\BOOKMARK [2][-]{subsection.10.3}{\(250\) e10\(10\) \(ATLAS\1372014\137I1286761 \(1403.5294\)\)}{section.10}% 50
\BOOKMARK [2][-]{subsection.10.4}{\(250\) 10\(10\) \(ATLAS\1372014\137I1286761 \(1403.5294\)\)}{section.10}% 51
\BOOKMARK [2][-]{subsection.10.5}{1\(350\) \(\(175\) \040or \040\(175\)\) 10\(0\) \(ATLAS\1372014\137I1286761 \(1403.5294\)\)}{section.10}% 52
\BOOKMARK [2][-]{subsection.10.6}{1\(425\) \(\(250\) \040or \040\(250\)\) 10\(75\) \(ATLAS\1372014\137I1286761 \(1403.5294\)\)}{section.10}% 53
\BOOKMARK [2][-]{subsection.10.7}{1\(100\) W10\(0\) \(ATLAS\1372014\137I1286761 \(1403.5294\)\)}{section.10}% 54
\BOOKMARK [2][-]{subsection.10.8}{1\(140\) W10\(20\) \(ATLAS\1372014\137I1286761 \(1403.5294\)\)}{section.10}% 55
\BOOKMARK [2][-]{subsection.10.9}{1\(200\) W10\(0\) \(ATLAS\1372014\137I1286761 \(1403.5294\)\)}{section.10}% 56
\BOOKMARK [2][-]{subsection.10.10}{Zjets SR: S1 \(ATLAS\1372014\137I1286761 \(1403.5294\)\)}{section.10}% 57
\BOOKMARK [2][-]{subsection.10.11}{Zjets SR: S2 \(ATLAS\1372014\137I1286761 \(1403.5294\)\)}{section.10}% 58
